(node:2841164) Warning: Accessing non-existent property 'padLevels' of module exports inside circular dependency
(Use `node --trace-warnings ...` to show where the warning was created)
Mon, 03 Apr 2023 12:51:34 GMT node-telegram-bot-api deprecated Automatic enabling of cancellation of promises is deprecated.
In the future, you will have to enable it yourself.
See https://github.com/yagop/node-telegram-bot-api/issues/319. at node:internal/modules/cjs/loader:1105:14
node:events:505
      throw er; // Unhandled 'error' event
      ^

Error: listen EADDRINUSE: address already in use :::31410
    at Server.setupListenHandle [as _listen2] (node:net:1372:16)
    at listenInCluster (node:net:1420:12)
    at Server.listen (node:net:1508:7)
    at Function.listen (/home/sadmin/tnvd-monitor-bot/node_modules/express/lib/application.js:635:24)
    at Object.<anonymous> (/home/sadmin/tnvd-monitor-bot/monitor.js:121:5)
    at Module._compile (node:internal/modules/cjs/loader:1105:14)
    at Object.Module._extensions..js (node:internal/modules/cjs/loader:1159:10)
    at Module.load (node:internal/modules/cjs/loader:981:32)
    at Function.Module._load (node:internal/modules/cjs/loader:822:12)
    at Function.executeUserEntryPoint [as runMain] (node:internal/modules/run_main:77:12)
    at node:internal/main/run_main_module:17:47
Emitted 'error' event on Server instance at:
    at emitErrorNT (node:net:1399:8)
    at processTicksAndRejections (node:internal/process/task_queues:83:21) {
  code: 'EADDRINUSE',
  errno: -98,
  syscall: 'listen',
  address: '::',
  port: 31410
}
{"level":"error","message":"Forever detected script exited with code: 1"}
